{
  "RSpec": {
    "coverage": {
      "/Users/lucasqueiroz/www/paperhub/config/environment.rb": {
        "lines": [
          null,
          1,
          null,
          null,
          1
        ]
      },
      "/Users/lucasqueiroz/www/paperhub/config/application.rb": {
        "lines": [
          1,
          null,
          1,
          null,
          1,
          1,
          1,
          1,
          1,
          1,
          1,
          1,
          1,
          1,
          null,
          null,
          null,
          null,
          1,
          null,
          1,
          1,
          null,
          1,
          null,
          null,
          null,
          null,
          1,
          null,
          null,
          null,
          null,
          null,
          null,
          null,
          null,
          null,
          null,
          1,
          1,
          1,
          1,
          1,
          1,
          1,
          null,
          null,
          null,
          null
        ]
      },
      "/Users/lucasqueiroz/www/paperhub/config/boot.rb": {
        "lines": [
          1,
          null,
          1,
          1
        ]
      },
      "/Users/lucasqueiroz/www/paperhub/config/environments/test.rb": {
        "lines": [
          null,
          null,
          null,
          null,
          null,
          1,
          1,
          1,
          1,
          1,
          null,
          null,
          null,
          null,
          null,
          1,
          null,
          null,
          null,
          null,
          null,
          1,
          null,
          null,
          1,
          null,
          null,
          1,
          1,
          null,
          null,
          1,
          null,
          null,
          1,
          null,
          null,
          1,
          null,
          null,
          null,
          null,
          1,
          null,
          null,
          1,
          null,
          null,
          1,
          null,
          null,
          null,
          null,
          null,
          null,
          null,
          null,
          1,
          null
        ]
      },
      "/Users/lucasqueiroz/www/paperhub/config/initializers/acts_as_tenant.rb": {
        "lines": [
          1,
          1,
          124,
          null,
          null
        ]
      },
      "/Users/lucasqueiroz/www/paperhub/config/initializers/content_security_policy.rb": {
        "lines": [
          null,
          null,
          null,
          null,
          null,
          null,
          null,
          null,
          null,
          null,
          null,
          null,
          null,
          null,
          null,
          null,
          null,
          null,
          null,
          null,
          null,
          null,
          null,
          null,
          null,
          null,
          null,
          null,
          null,
          null,
          null,
          null,
          null,
          null
        ]
      },
      "/Users/lucasqueiroz/www/paperhub/config/initializers/devise.rb": {
        "lines": [
          null,
          null,
          null,
          null,
          null,
          null,
          null,
          null,
          null,
          null,
          1,
          null,
          null,
          null,
          null,
          null,
          null,
          null,
          null,
          null,
          null,
          null,
          null,
          null,
          null,
          null,
          1,
          null,
          null,
          null,
          null,
          null,
          null,
          null,
          null,
          null,
          null,
          null,
          1,
          null,
          null,
          null,
          null,
          null,
          null,
          null,
          null,
          null,
          null,
          null,
          null,
          null,
          null,
          null,
          null,
          null,
          null,
          null,
          null,
          null,
          1,
          null,
          null,
          null,
          null,
          1,
          null,
          null,
          null,
          null,
          null,
          null,
          null,
          null,
          null,
          null,
          null,
          null,
          null,
          null,
          null,
          null,
          null,
          null,
          null,
          null,
          null,
          null,
          null,
          null,
          null,
          null,
          null,
          null,
          null,
          null,
          null,
          null,
          null,
          1,
          null,
          null,
          null,
          null,
          null,
          null,
          null,
          null,
          null,
          null,
          null,
          null,
          null,
          null,
          null,
          null,
          null,
          null,
          null,
          null,
          null,
          null,
          null,
          null,
          null,
          1,
          null,
          null,
          null,
          null,
          null,
          null,
          null,
          null,
          null,
          null,
          null,
          null,
          null,
          null,
          1,
          null,
          null,
          null,
          null,
          null,
          null,
          null,
          null,
          null,
          null,
          null,
          null,
          null,
          null,
          null,
          null,
          null,
          null,
          null,
          1,
          1,
          null,
          null,
          null,
          null,
          null,
          null,
          null,
          null,
          null,
          null,
          null,
          null,
          null,
          null,
          null,
          null,
          null,
          null,
          null,
          null,
          null,
          null,
          1,
          null,
          null,
          null,
          null,
          null,
          null,
          null,
          null,
          null,
          null,
          null,
          null,
          null,
          null,
          null,
          null,
          null,
          null,
          null,
          null,
          null,
          null,
          null,
          null,
          1,
          null,
          null,
          null,
          null,
          null,
          null,
          null,
          null,
          null,
          1,
          null,
          null,
          null,
          null,
          null,
          null,
          null,
          null,
          null,
          null,
          1,
          null,
          null,
          null,
          null,
          1,
          null,
          null,
          null,
          null,
          null,
          null,
          null,
          null,
          null,
          null,
          null,
          null,
          null,
          null,
          null,
          null,
          null,
          null,
          null,
          null,
          null,
          null,
          null,
          null,
          null,
          null,
          null,
          null,
          null,
          null,
          null,
          null,
          null,
          null,
          null,
          null,
          null,
          null,
          null,
          null,
          1,
          null,
          null,
          null,
          null,
          null,
          null,
          null,
          null,
          null,
          null,
          null,
          null,
          null,
          null,
          null,
          null,
          null,
          null,
          null,
          null,
          null,
          null,
          null,
          null,
          null,
          null,
          null,
          null,
          null,
          null,
          null,
          null,
          null,
          null,
          null,
          null,
          null,
          null,
          null,
          null,
          null,
          1,
          null,
          null,
          null,
          null,
          null,
          null,
          null,
          null,
          null,
          null,
          null,
          null,
          null,
          null,
          null,
          null,
          null,
          null,
          null,
          null,
          null,
          null,
          null,
          null,
          null,
          null,
          null,
          null,
          null,
          null,
          null,
          null,
          null,
          null,
          null,
          null,
          null,
          1,
          1,
          null,
          null,
          null,
          null,
          null,
          null,
          null,
          null,
          null,
          null,
          null,
          null,
          1,
          null,
          null,
          1,
          null,
          null,
          null,
          null,
          null,
          null,
          null,
          null,
          null,
          null,
          null,
          null,
          null,
          null,
          1,
          null,
          1,
          null
        ]
      },
      "/Users/lucasqueiroz/www/paperhub/config/initializers/filter_parameter_logging.rb": {
        "lines": [
          null,
          null,
          null,
          null,
          null,
          1,
          null,
          null
        ]
      },
      "/Users/lucasqueiroz/www/paperhub/config/initializers/inertia_rails.rb": {
        "lines": [
          null,
          null,
          1,
          1,
          1,
          null
        ]
      },
      "/Users/lucasqueiroz/www/paperhub/config/initializers/inflections.rb": {
        "lines": [
          null,
          null,
          null,
          null,
          null,
          null,
          null,
          null,
          null,
          null,
          null,
          null,
          null,
          null,
          null,
          null
        ]
      },
      "/Users/lucasqueiroz/www/paperhub/spec/factories/documents.rb": {
        "lines": [
          1,
          1,
          14,
          20,
          20,
          20,
          null,
          null
        ]
      },
      "/Users/lucasqueiroz/www/paperhub/spec/factories/memberships.rb": {
        "lines": [
          1,
          1,
          1,
          1,
          1,
          null,
          null
        ]
      },
      "/Users/lucasqueiroz/www/paperhub/spec/factories/teams.rb": {
        "lines": [
          1,
          1,
          8,
          11,
          null,
          1,
          10,
          null,
          null,
          null,
          null,
          null,
          null,
          1,
          14,
          14,
          null,
          1,
          13,
          null,
          null,
          null,
          13,
          null,
          null,
          null
        ]
      },
      "/Users/lucasqueiroz/www/paperhub/spec/factories/users.rb": {
        "lines": [
          1,
          1,
          60,
          null,
          null,
          1,
          21,
          null,
          1,
          14,
          null,
          null,
          null
        ]
      },
      "/Users/lucasqueiroz/www/paperhub/app/helpers/application_helper.rb": {
        "lines": [
          1,
          null
        ]
      },
      "/Users/lucasqueiroz/www/paperhub/spec/support/controller_macros.rb": {
        "lines": [
          1,
          1,
          1,
          1,
          null,
          null,
          null
        ]
      },
      "/Users/lucasqueiroz/www/paperhub/spec/lib/sqids/rails/sqid_model_spec.rb": {
        "lines": [
          1,
          1,
          15,
          15,
          15,
          15,
          null,
          null,
          15,
          15,
          15,
          15,
          null,
          null,
          null,
          15,
          15,
          null,
          15,
          15,
          null,
          15,
          null,
          null,
          15,
          15,
          null,
          15,
          15,
          null,
          null,
          15,
          15,
          null,
          null,
          16,
          16,
          null,
          1,
          2,
          null,
          2,
          null,
          2,
          null,
          2,
          null,
          null,
          1,
          1,
          1,
          null,
          null,
          1,
          1,
          1,
          null,
          null,
          1,
          1,
          1,
          null,
          null,
          1,
          1,
          1,
          null,
          null,
          1,
          1,
          1,
          null,
          null,
          null,
          1,
          1,
          1,
          1,
          null,
          null,
          1,
          1,
          1,
          null,
          null,
          1,
          1,
          1,
          null,
          null,
          null,
          1,
          1,
          1,
          null,
          null,
          null,
          1,
          1,
          2,
          2,
          null,
          2,
          null,
          2,
          null,
          null,
          2,
          null,
          null,
          3,
          null,
          1,
          1,
          1,
          null,
          null,
          1,
          1,
          1,
          null,
          null,
          null
        ]
      },
      "/Users/lucasqueiroz/www/paperhub/spec/models/document_spec.rb": {
        "lines": [
          1,
          1,
          null
        ]
      },
      "/Users/lucasqueiroz/www/paperhub/app/models/document.rb": {
        "lines": [
          1,
          1,
          null,
          1,
          1,
          1,
          1,
          null
        ]
      },
      "/Users/lucasqueiroz/www/paperhub/app/models/application_record.rb": {
        "lines": [
          1,
          1,
          null
        ]
      },
      "/Users/lucasqueiroz/www/paperhub/lib/sqids/rails.rb": {
        "lines": [
          1,
          1,
          1,
          1,
          1,
          1,
          null,
          1,
          0,
          null,
          null,
          1,
          0,
          null,
          null,
          null
        ]
      },
      "/Users/lucasqueiroz/www/paperhub/lib/sqids/rails/model.rb": {
        "lines": [
          1,
          1,
          1,
          1,
          1,
          null,
          1,
          null,
          1,
          null,
          33,
          null,
          null,
          1,
          null,
          null,
          null,
          null,
          null,
          null,
          null,
          null,
          null,
          null,
          null,
          null,
          null,
          null,
          null,
          null,
          null,
          null,
          null,
          null,
          null,
          null,
          null,
          null,
          null,
          null,
          null,
          null,
          null,
          null,
          null,
          null,
          null,
          null,
          null,
          1,
          null,
          null,
          null,
          null,
          null,
          48,
          null,
          null,
          48,
          null,
          null,
          null,
          null,
          null,
          null,
          null,
          null,
          48,
          29,
          null,
          null,
          27,
          null,
          27,
          24,
          null,
          24,
          null,
          null,
          null,
          null,
          null,
          null,
          null,
          27,
          null,
          null,
          null,
          null,
          null,
          10,
          48,
          null,
          null,
          null,
          1,
          10,
          null,
          10,
          10,
          null,
          10,
          null,
          null,
          null,
          null,
          null,
          null,
          10,
          10,
          null,
          null,
          10,
          null,
          null,
          null,
          1,
          6,
          6,
          5,
          null,
          null,
          1,
          null,
          1,
          48,
          0,
          null,
          null,
          2952,
          0,
          null,
          null,
          48,
          0,
          null,
          null,
          48,
          0,
          null,
          null,
          null,
          null,
          null,
          null,
          1,
          1,
          0,
          null,
          null,
          1,
          0,
          null,
          null,
          null,
          null
        ]
      },
      "/Users/lucasqueiroz/www/paperhub/spec/models/membership_spec.rb": {
        "lines": [
          1,
          1,
          null
        ]
      },
      "/Users/lucasqueiroz/www/paperhub/app/models/membership.rb": {
        "lines": [
          1,
          1,
          1,
          null,
          1,
          1,
          null
        ]
      },
      "/Users/lucasqueiroz/www/paperhub/spec/models/team_spec.rb": {
        "lines": [
          1,
          1,
          3,
          null,
          3,
          null,
          null,
          1,
          2,
          null,
          null,
          1,
          2,
          null,
          null,
          null,
          1,
          1,
          null,
          3,
          3,
          null,
          1,
          1,
          1,
          1,
          2,
          null,
          null,
          null,
          1,
          2,
          null,
          1,
          1,
          1,
          2,
          null,
          null,
          null,
          null,
          1,
          3,
          null,
          3,
          3,
          null,
          1,
          2,
          null,
          2,
          null,
          null,
          1,
          2,
          null,
          null,
          null
        ]
      },
      "/Users/lucasqueiroz/www/paperhub/app/models/team.rb": {
        "lines": [
          1,
          1,
          1,
          1,
          1,
          1,
          null,
          1,
          null,
          1,
          3,
          null,
          null,
          1,
          8,
          null,
          null,
          1,
          16,
          null,
          null
        ]
      },
      "/Users/lucasqueiroz/www/paperhub/spec/models/user_spec.rb": {
        "lines": [
          1,
          1,
          1,
          1,
          1,
          1,
          1,
          null,
          null,
          null,
          1,
          1,
          1,
          1,
          null,
          1,
          null,
          null,
          null,
          null,
          1,
          3,
          null,
          1,
          2,
          null,
          5,
          null,
          null,
          1,
          2,
          null,
          5,
          null,
          null,
          1,
          2,
          null,
          5,
          null,
          null,
          null,
          1,
          1,
          2,
          2,
          null,
          2,
          null,
          null,
          1,
          2,
          2,
          null,
          1,
          1,
          1,
          1,
          null,
          null,
          2,
          null,
          null,
          1,
          2,
          2,
          null,
          2,
          null,
          null,
          1,
          2,
          2,
          null,
          1,
          1,
          null,
          null,
          2,
          null,
          null,
          null
        ]
      },
      "/Users/lucasqueiroz/www/paperhub/app/models/user.rb": {
        "lines": [
          1,
          null,
          null,
          1,
          null,
          null,
          1,
          null,
          1,
          null,
          1,
          1,
          1,
          1,
          1,
          1,
          null,
          1,
          null,
          1,
          null,
          1,
          2,
          4,
          null,
          2,
          2,
          null,
          null,
          null,
          1,
          19,
          19,
          null,
          16,
          16,
          16,
          16,
          null,
          null,
          1,
          21,
          21,
          null,
          null,
          null,
          1,
          8,
          6,
          4,
          null,
          null,
          1,
          0,
          0,
          null,
          null,
          1,
          1,
          0,
          null,
          0,
          0,
          0,
          0,
          0,
          null,
          null
        ]
      },
      "/Users/lucasqueiroz/www/paperhub/spec/policies/users/invitation_policy_spec.rb": {
        "lines": [
          1,
          6,
          null,
          6,
          7,
          null,
          1,
          1,
          2,
          null,
          null,
          1,
          2,
          null,
          1,
          1,
          1,
          null,
          null,
          2,
          null,
          null,
          1,
          2,
          null,
          2,
          null,
          null,
          1,
          2,
          null,
          2,
          null,
          null,
          null,
          1,
          1,
          2,
          null,
          2,
          null,
          null,
          1,
          2,
          null,
          null,
          null
        ]
      },
      "/Users/lucasqueiroz/www/paperhub/app/policies/users/invitation_policy.rb": {
        "lines": [
          1,
          1,
          1,
          4,
          null,
          null,
          1,
          2,
          null,
          null,
          null
        ]
      },
      "/Users/lucasqueiroz/www/paperhub/app/policies/application_policy.rb": {
        "lines": [
          null,
          null,
          1,
          1,
          null,
          1,
          6,
          6,
          null,
          null,
          1,
          0,
          null,
          null,
          1,
          0,
          null,
          null,
          1,
          0,
          null,
          null,
          1,
          0,
          null,
          null,
          1,
          0,
          null,
          null,
          1,
          0,
          null,
          null,
          1,
          0,
          null,
          null,
          1,
          1,
          0,
          0,
          null,
          null,
          1,
          0,
          null,
          null,
          1,
          null,
          1,
          null,
          null
        ]
      },
      "/Users/lucasqueiroz/www/paperhub/spec/requests/documents_controller_spec.rb": {
        "lines": [
          1,
          14,
          null,
          1,
          13,
          null,
          null,
          1,
          1,
          1,
          null,
          1,
          null,
          null,
          null,
          null,
          null,
          1,
          1,
          1,
          1,
          null,
          null,
          null,
          null,
          null,
          1,
          1,
          1,
          null,
          null,
          null,
          1,
          1,
          1,
          1,
          null,
          null,
          null,
          null,
          null,
          1,
          1,
          1,
          null,
          2,
          null,
          null,
          null,
          null,
          1,
          1,
          1,
          1,
          null,
          null,
          null,
          1,
          1,
          1,
          1,
          null,
          null,
          null,
          null,
          1,
          1,
          1,
          1,
          null,
          null,
          null,
          1,
          1,
          1,
          null,
          null,
          null,
          1,
          1,
          3,
          null,
          1,
          1,
          1,
          1,
          null,
          null,
          null,
          1,
          1,
          1,
          null,
          null,
          null,
          1,
          1,
          1,
          1,
          null,
          null,
          null,
          1,
          1,
          1,
          null,
          null,
          null,
          1,
          1,
          1,
          1,
          null,
          null,
          null,
          1,
          1,
          1,
          null,
          null,
          null,
          null
        ]
      },
      "/Users/lucasqueiroz/www/paperhub/app/controllers/documents_controller.rb": {
        "lines": [
          1,
          1,
          null,
          null,
          1,
          1,
          1,
          1,
          1,
          null,
          null,
          1,
          1,
          null,
          null,
          null,
          null,
          null,
          1,
          1,
          1,
          null,
          null,
          null,
          null,
          1,
          1,
          null,
          1,
          1,
          null,
          0,
          null,
          null,
          null,
          null,
          1,
          2,
          2,
          null,
          0,
          null,
          null,
          null,
          null,
          1,
          2,
          2,
          null,
          null,
          null,
          1,
          6,
          6,
          null,
          null,
          null,
          1,
          null,
          1,
          5,
          null,
          null,
          null,
          1,
          3,
          null,
          null,
          1,
          6,
          null,
          null,
          1,
          2,
          null,
          null,
          1,
          1,
          null,
          null,
          1,
          1,
          null,
          null
        ]
      },
      "/Users/lucasqueiroz/www/paperhub/app/controllers/application_controller.rb": {
        "lines": [
          1,
          1,
          null,
          1,
          1,
          1,
          1,
          null,
          6,
          1,
          null,
          6,
          null,
          null,
          null,
          1,
          2,
          null,
          1,
          null,
          null,
          null,
          1,
          0,
          null,
          null,
          1,
          0,
          null,
          null,
          1,
          1,
          24,
          22,
          null,
          null,
          1,
          3,
          null,
          3,
          null,
          null,
          null,
          null
        ]
      },
      "/Users/lucasqueiroz/www/paperhub/spec/requests/teams_controller_spec.rb": {
        "lines": [
          1,
          4,
          null,
          1,
          3,
          null,
          null,
          1,
          1,
          3,
          null,
          null,
          null,
          1,
          1,
          1,
          null,
          null,
          null,
          1,
          1,
          null,
          1,
          null,
          null,
          1,
          1,
          null,
          1,
          null,
          null,
          null
        ]
      },
      "/Users/lucasqueiroz/www/paperhub/app/controllers/teams_controller.rb": {
        "lines": [
          1,
          null,
          1,
          3,
          3,
          null,
          3,
          3,
          3,
          null,
          0,
          null,
          null,
          null,
          1,
          null,
          1,
          3,
          null,
          null
        ]
      },
      "/Users/lucasqueiroz/www/paperhub/spec/requests/users/confirmations_controller_spec.rb": {
        "lines": [
          1,
          3,
          null,
          1,
          2,
          null,
          1,
          1,
          1,
          1,
          null,
          null,
          2,
          null,
          null,
          1,
          2,
          null,
          2,
          null,
          null,
          null
        ]
      },
      "/Users/lucasqueiroz/www/paperhub/app/controllers/users/confirmations_controller.rb": {
        "lines": [
          1,
          1,
          null,
          1,
          1,
          null,
          null
        ]
      },
      "/Users/lucasqueiroz/www/paperhub/app/controllers/users/base_controller.rb": {
        "lines": [
          1,
          1,
          null,
          1,
          null,
          1,
          3,
          null,
          null
        ]
      },
      "/Users/lucasqueiroz/www/paperhub/spec/requests/users/onboarding_controller_spec.rb": {
        "lines": [
          1,
          4,
          null,
          1,
          3,
          null,
          null,
          1,
          1,
          1,
          null,
          1,
          null,
          null,
          null,
          1,
          1,
          1,
          null,
          1,
          1,
          null,
          null,
          null,
          1,
          1,
          1,
          null,
          null,
          null
        ]
      },
      "/Users/lucasqueiroz/www/paperhub/app/controllers/users/onboarding_controller.rb": {
        "lines": [
          1,
          1,
          1,
          null,
          1,
          1,
          null,
          null,
          1,
          2,
          1,
          null,
          1,
          null,
          null,
          null,
          1,
          1,
          3,
          null,
          null,
          1,
          2,
          null,
          null
        ]
      },
      "/Users/lucasqueiroz/www/paperhub/spec/requests/users/profile_controller_spec.rb": {
        "lines": [
          1,
          3,
          3,
          null,
          1,
          2,
          null,
          null,
          1,
          3,
          null,
          1,
          1,
          1,
          null,
          null,
          null,
          1,
          1,
          1,
          null,
          null,
          null
        ]
      },
      "/Users/lucasqueiroz/www/paperhub/app/controllers/users/profile_controller.rb": {
        "lines": [
          1,
          1,
          1,
          null,
          null,
          1,
          2,
          2,
          null,
          0,
          null,
          null,
          null,
          1,
          null,
          1,
          2,
          null,
          null,
          1,
          2,
          null,
          null,
          1,
          0,
          null,
          null
        ]
      },
      "/Users/lucasqueiroz/www/paperhub/spec/requests/users/sessions_controller_spec.rb": {
        "lines": [
          1,
          1,
          1,
          1,
          1,
          null,
          1,
          null,
          null,
          null,
          1,
          1,
          null,
          1,
          1,
          1,
          null,
          null,
          null,
          null
        ]
      },
      "/Users/lucasqueiroz/www/paperhub/app/controllers/users/sessions_controller.rb": {
        "lines": [
          1,
          1,
          null,
          1,
          1,
          null,
          null,
          1,
          1,
          0,
          null,
          null
        ]
      },
      "/Users/lucasqueiroz/www/paperhub/app/models/current.rb": {
        "lines": [
          null,
          null,
          1,
          1,
          null,
          null,
          null,
          1,
          22,
          22,
          null,
          null
        ]
      },
      "/Users/lucasqueiroz/www/paperhub/config/routes.rb": {
        "lines": [
          1,
          1,
          1,
          1,
          1,
          1,
          1,
          1,
          1,
          1,
          null,
          null,
          null,
          1,
          null,
          1,
          null,
          null,
          null,
          null,
          null,
          1,
          null,
          null,
          null,
          null,
          1,
          null,
          null,
          null,
          null,
          null,
          null,
          null,
          null
        ]
      }
    },
    "timestamp": 1752810632
  }
}
